[+] Containers:
 |- [+] Container: /Game/FirstPerson/Maps/FirstPersonMap
 |   |- [+] ActorDescs:
 |   |   |- Guid:02F7177D4AD6A83189F8469DD112BAE6 BaseClass: NativeClass:/Script/Engine.StaticMeshActor Name:StaticMeshActor_UAID_346F2492CFD0506501_1548132897 Label:book case SpatiallyLoaded:1 Bounds:IsValid=true, Min=(X=2755.000 Y=1440.000 Z=10.000), Max=(X=2905.000 Y=1740.000 Z=610.000) RuntimeGrid:None EditorOnly:0 RuntimeOnly:0 HLODRelevant:0
 |   |   |- Guid:0EDB289B45CB7E0977A6DBA74201EE76 BaseClass: NativeClass:/Script/Engine.StaticMeshActor Name:StaticMeshActor_10 Label:SM_Cube6 SpatiallyLoaded:1 Bounds:IsValid=true, Min=(X=2900.000 Y=100.000 Z=0.000), Max=(X=3000.000 Y=3400.000 Z=1000.000) RuntimeGrid:None EditorOnly:0 RuntimeOnly:0 HLODRelevant:1 FolderPath:Playground FolderGuid:6C02BB504B69D1F3D7A624B130C18E5B
 |   |   |- Guid:120CF0294753295DDB8CA38D06D5510D BaseClass: NativeClass:/Script/Engine.StaticMeshActor Name:StaticMeshActor_UAID_346F2492CFD0516501_1791300085 Label:Box4 SpatiallyLoaded:1 Bounds:IsValid=true, Min=(X=2837.500 Y=827.500 Z=0.000), Max=(X=2862.500 Y=852.500 Z=175.000) RuntimeGrid:None EditorOnly:0 RuntimeOnly:0 HLODRelevant:0 Parent:72238A284F20EC5EDD6A8A9457F0A0B7
 |   |   |- Guid:21262252453B37957EF29F82ABA2413B BaseClass: NativeClass:/Script/Engine.TextRenderActor Name:TextRenderActor_1 Label:TextRenderActor SpatiallyLoaded:1 Bounds:IsValid=true, Min=(X=-0.100 Y=1100.000 Z=65.013), Max=(X=-0.100 Y=2363.461 Z=215.013) RuntimeGrid:None EditorOnly:0 RuntimeOnly:0 HLODRelevant:0
 |   |   |- Guid:2ACF2315436AD313B94FD4B5B44BB6A0 BaseClass: NativeClass:/Script/Engine.StaticMeshActor Name:StaticMeshActor_UAID_F4CE23B15A25CC6601_1984324784 Label:Box16 SpatiallyLoaded:1 Bounds:IsValid=true, Min=(X=2432.500 Y=80.000 Z=587.500), Max=(X=2907.500 Y=180.000 Z=612.500) RuntimeGrid:None EditorOnly:0 RuntimeOnly:0 HLODRelevant:0
 |   |   |- Guid:2BB4629A44095001F398EE9D5D1B5673 BaseClass: NativeClass:/Script/Engine.PointLight Name:PointLight_UAID_346F2492CFD0546501_1251555606 Label:PointLight SpatiallyLoaded:1 Bounds:IsValid=true, Min=(X=910.000 Y=-570.000 Z=-640.000), Max=(X=2910.000 Y=1430.000 Z=1360.000) RuntimeGrid:None EditorOnly:0 RuntimeOnly:0 HLODRelevant:0
 |   |   |- Guid:2CD2AF894038C955F53CA3A65609D402 BaseClass: NativeClass:/Script/Engine.StaticMeshActor Name:StaticMeshActor_UAID_346F2492CFD0526501_2126744250 Label:Box10 SpatiallyLoaded:1 Bounds:IsValid=true, Min=(X=2657.500 Y=307.500 Z=0.000), Max=(X=2682.500 Y=332.500 Z=175.000) RuntimeGrid:None EditorOnly:0 RuntimeOnly:0 HLODRelevant:0 Parent:72238A284F20EC5EDD6A8A9457F0A0B7
 |   |   |- Guid:43AEA9A24E67772B275C86A1C65F7D8F BaseClass: NativeClass:/Script/Engine.StaticMeshActor Name:StaticMeshActor_UAID_F4CE23B15A25CE6601_1680770196 Label:SM_Lamp_Ceiling3 SpatiallyLoaded:1 Bounds:IsValid=true, Min=(X=2276.000 Y=976.000 Z=732.925), Max=(X=2364.000 Y=1064.000 Z=999.987) RuntimeGrid:None EditorOnly:0 RuntimeOnly:0 HLODRelevant:1
 |   |   |- Guid:5FE7584649BB6F09265329A6C57CFD0D BaseClass: NativeClass:/Script/Engine.VolumetricCloud Name:VolumetricCloud_0 Label:VolumetricCloud SpatiallyLoaded:0 Bounds:IsValid=true, Min=(X=0.000 Y=0.000 Z=820.000), Max=(X=0.000 Y=0.000 Z=820.000) RuntimeGrid:None EditorOnly:0 RuntimeOnly:0 HLODRelevant:0 FolderPath:Lighting FolderGuid:0BA5F0A04EADB18E70D5B180D08FA34B
 |   |   |- Guid:6001ED2B473078199BFEE2BFA8E5A462 BaseClass: NativeClass:/Script/Engine.StaticMeshActor Name:StaticMeshActor_UAID_346F2492CFD0526501_2136472251 Label:Box11 SpatiallyLoaded:1 Bounds:IsValid=true, Min=(X=2367.500 Y=287.500 Z=0.000), Max=(X=2392.500 Y=312.500 Z=175.000) RuntimeGrid:None EditorOnly:0 RuntimeOnly:0 HLODRelevant:0 Parent:72238A284F20EC5EDD6A8A9457F0A0B7
 |   |   |- Guid:61391D344900612A77DFC3BA3E354907 BaseClass: NativeClass:/Script/Engine.ExponentialHeightFog Name:ExponentialHeightFog_0 Label:ExponentialHeightFog SpatiallyLoaded:0 Bounds:IsValid=true, Min=(X=-5600.000 Y=-50.000 Z=-6850.000), Max=(X=-5600.000 Y=-50.000 Z=-6850.000) RuntimeGrid:None EditorOnly:0 RuntimeOnly:0 HLODRelevant:0 FolderPath:Lighting FolderGuid:0BA5F0A04EADB18E70D5B180D08FA34B
 |   |   |- Guid:687D5F9B4E6D33B22BBFBD83AAA0D648 BaseClass: NativeClass:/Script/Engine.StaticMeshActor Name:StaticMeshActor_UAID_346F2492CFD0526501_2005951247 Label:Box7 SpatiallyLoaded:1 Bounds:IsValid=true, Min=(X=2325.000 Y=147.500 Z=153.779), Max=(X=2875.000 Y=372.500 Z=178.779) RuntimeGrid:None EditorOnly:0 RuntimeOnly:0 HLODRelevant:0 Parent:A36289E64B6827B2965093BC054CDC92
 |   |   |- Guid:6FEFB3BD4EB37B849EF0D4AC80F83855 BaseClass: NativeClass:/Script/Engine.WorldDataLayers Name:WorldDataLayers Label:WorldDataLayers SpatiallyLoaded:0 Bounds:IsValid=true, Min=(X=0.000 Y=0.000 Z=0.000), Max=(X=0.000 Y=0.000 Z=0.000) RuntimeGrid:None EditorOnly:0 RuntimeOnly:0 HLODRelevant:0
 |   |   |- Guid:72238A284F20EC5EDD6A8A9457F0A0B7 BaseClass: NativeClass:/Script/Engine.StaticMeshActor Name:StaticMeshActor_UAID_346F2492CFD0516501_1694288084 Label:Desk Legs SpatiallyLoaded:1 Bounds:IsValid=true, Min=(X=2837.500 Y=417.500 Z=0.000), Max=(X=2862.500 Y=442.500 Z=175.000) RuntimeGrid:None EditorOnly:0 RuntimeOnly:0 HLODRelevant:0
 |   |   |- Guid:78CAF7514C7533F30BD2F19A017AAB65 BaseClass: NativeClass:/Script/Engine.StaticMeshActor Name:StaticMeshActor_0 Label:SM_Cube SpatiallyLoaded:1 Bounds:IsValid=true, Min=(X=0.000 Y=0.000 Z=-50.000), Max=(X=3000.000 Y=3500.000 Z=0.000) RuntimeGrid:None EditorOnly:0 RuntimeOnly:0 HLODRelevant:1 FolderPath:Playground FolderGuid:6C02BB504B69D1F3D7A624B130C18E5B
 |   |   |- Guid:7F1BD90D4150E45879BC37A9C38CA481 BaseClass: NativeClass:/Script/Engine.StaticMeshActor Name:StaticMeshActor_UAID_346F2492CFD0516501_1798053087 Label:Box6 SpatiallyLoaded:1 Bounds:IsValid=true, Min=(X=2667.500 Y=847.500 Z=0.000), Max=(X=2692.500 Y=872.500 Z=175.000) RuntimeGrid:None EditorOnly:0 RuntimeOnly:0 HLODRelevant:0 Parent:72238A284F20EC5EDD6A8A9457F0A0B7
 |   |   |- Guid:8559D1384B14F466E8927697A36C1D78 BaseClass: NativeClass:/Script/Engine.StaticMeshActor Name:StaticMeshActor_9 Label:SM_Cube5 SpatiallyLoaded:1 Bounds:IsValid=true, Min=(X=-0.000 Y=100.000 Z=0.000), Max=(X=100.000 Y=3400.000 Z=1000.000) RuntimeGrid:None EditorOnly:0 RuntimeOnly:0 HLODRelevant:1 FolderPath:Playground FolderGuid:6C02BB504B69D1F3D7A624B130C18E5B
 |   |   |- Guid:87C144884C2992BBB0908D83A0362D71 BaseClass: NativeClass:/Script/Engine.StaticMeshActor Name:StaticMeshActor_UAID_F4CE23B15A25CE6601_1632201193 Label:SM_Statue SpatiallyLoaded:1 Bounds:IsValid=true, Min=(X=2360.670 Y=200.670 Z=180.000), Max=(X=2399.330 Y=239.330 Z=266.633) RuntimeGrid:None EditorOnly:0 RuntimeOnly:0 HLODRelevant:1
 |   |   |- Guid:90B7B8D3420C2EABA931D3A6A69DF696 BaseClass: NativeClass:/Script/Engine.StaticMeshActor Name:StaticMeshActor_3 Label:SM_Cube2 SpatiallyLoaded:1 Bounds:IsValid=true, Min=(X=0.000 Y=0.000 Z=0.000), Max=(X=3000.000 Y=100.000 Z=1000.000) RuntimeGrid:None EditorOnly:0 RuntimeOnly:0 HLODRelevant:1 FolderPath:Playground FolderGuid:6C02BB504B69D1F3D7A624B130C18E5B
 |   |   |- Guid:952F2FCB4EA6CA6058D01BAC11AD21E3 BaseClass: NativeClass:/Script/Engine.StaticMeshActor Name:StaticMeshActor_UAID_F4CE23B15A25CE6601_1562113191 Label:SM_Lamp_Wall SpatiallyLoaded:1 Bounds:IsValid=true, Min=(X=2853.382 Y=903.382 Z=679.903), Max=(X=2890.131 Y=976.618 Z=738.741) RuntimeGrid:None EditorOnly:0 RuntimeOnly:0 HLODRelevant:1
 |   |   |- Guid:966912C14E281CE95C9696834D8768DF BaseClass: NativeClass:/Script/Engine.StaticMeshActor Name:StaticMeshActor_UAID_F4CE23B15A25CE6601_1523729190 Label:SM_Chair SpatiallyLoaded:1 Bounds:IsValid=true, Min=(X=2455.140 Y=528.873 Z=0.000), Max=(X=2660.530 Y=731.127 Z=288.377) RuntimeGrid:None EditorOnly:0 RuntimeOnly:0 HLODRelevant:1
 |   |   |- Guid:97D505FA4C119A262FBF18948B6C900A BaseClass: NativeClass:/Script/Engine.StaticMeshActor Name:StaticMeshActor_UAID_F4CE23B15A25CE6601_1645749194 Label:SM_Lamp_Ceiling SpatiallyLoaded:1 Bounds:IsValid=true, Min=(X=2276.000 Y=1376.000 Z=732.925), Max=(X=2364.000 Y=1464.000 Z=999.987) RuntimeGrid:None EditorOnly:0 RuntimeOnly:0 HLODRelevant:1
 |   |   |- Guid:9E64A43043B27024C01880A965CCE3E1 BaseClass: NativeClass:/Script/Engine.StaticMeshActor Name:StaticMeshActor_UAID_F4CE23B15A25CE6601_1382555189 Label:Boolean6 SpatiallyLoaded:1 Bounds:IsValid=true, Min=(X=1845.000 Y=72.500 Z=0.000), Max=(X=1996.000 Y=250.000 Z=475.000) RuntimeGrid:None EditorOnly:0 RuntimeOnly:0 HLODRelevant:0
 |   |   |- Guid:A0E11A8747EA2BA2C1CB40B4BE70F6FE BaseClass: NativeClass:/Script/Engine.StaticMeshActor Name:StaticMeshActor_UAID_F4CE23B15A25CE6601_1379233188 Label:Boolean5 SpatiallyLoaded:1 Bounds:IsValid=true, Min=(X=1995.000 Y=72.500 Z=0.000), Max=(X=2146.000 Y=250.000 Z=475.000) RuntimeGrid:None EditorOnly:0 RuntimeOnly:0 HLODRelevant:0
 |   |   |- Guid:A27FDF984F910EC599827B92B2DA126F BaseClass: NativeClass:/Script/Engine.StaticMeshActor Name:StaticMeshActor_UAID_346F2492CFD04F6501_1143387719 Label:SM_Cube7 SpatiallyLoaded:1 Bounds:IsValid=true, Min=(X=1360.000 Y=100.000 Z=0.000), Max=(X=1460.000 Y=1900.000 Z=1000.000) RuntimeGrid:None EditorOnly:0 RuntimeOnly:0 HLODRelevant:1 FolderPath:Playground FolderGuid:6C02BB504B69D1F3D7A624B130C18E5B
 |   |   |- Guid:A354B1B24E617A525DC6B48CCDE2417E BaseClass: NativeClass:/Script/Engine.PlayerStart Name:PlayerStart_0 Label:PlayerStart SpatiallyLoaded:0 Bounds:IsValid=true, Min=(X=1800.000 Y=550.000 Z=0.013), Max=(X=1880.000 Y=630.000 Z=184.013) RuntimeGrid:None EditorOnly:0 RuntimeOnly:0 HLODRelevant:0
 |   |   |- Guid:A36289E64B6827B2965093BC054CDC92 BaseClass: NativeClass:/Script/Engine.StaticMeshActor Name:StaticMeshActor_UAID_346F2492CFD0516501_1607753083 Label:Desk SpatiallyLoaded:1 Bounds:IsValid=true, Min=(X=2647.500 Y=365.000 Z=153.779), Max=(X=2872.500 Y=915.000 Z=178.779) RuntimeGrid:None EditorOnly:0 RuntimeOnly:0 HLODRelevant:0
 |   |   |- Guid:AFEDBE0944AEB9206EB3BD99F78EA648 BaseClass: NativeClass:/Script/Engine.StaticMeshActor Name:StaticMeshActor_UAID_F4CE23B15A25CC6601_1969088783 Label:Box15 SpatiallyLoaded:1 Bounds:IsValid=true, Min=(X=2432.500 Y=70.000 Z=417.500), Max=(X=2907.500 Y=170.000 Z=442.500) RuntimeGrid:None EditorOnly:0 RuntimeOnly:0 HLODRelevant:0
 |   |   |- Guid:B2ACD97A41DDC87C5F42E88CDF25F289 BaseClass: NativeClass:/Script/Engine.StaticMeshActor Name:StaticMeshActor_UAID_F4CE23B15A25CD6601_1817023981 Label:Box21 SpatiallyLoaded:1 Bounds:IsValid=true, Min=(X=2866.500 Y=1025.000 Z=418.875), Max=(X=2880.000 Y=1275.000 Z=681.125) RuntimeGrid:None EditorOnly:0 RuntimeOnly:0 HLODRelevant:0
 |   |   |- Guid:B4D052BE43CC41F5340EADBA9D9FE14C BaseClass: NativeClass:/Script/Engine.StaticMeshActor Name:StaticMeshActor_UAID_F4CE23B15A25CE6601_1746737198 Label:SM_Cube8 SpatiallyLoaded:1 Bounds:IsValid=true, Min=(X=1460.000 Y=1800.000 Z=0.000), Max=(X=2910.000 Y=1900.000 Z=1000.000) RuntimeGrid:None EditorOnly:0 RuntimeOnly:0 HLODRelevant:1 FolderPath:Playground FolderGuid:6C02BB504B69D1F3D7A624B130C18E5B
 |   |   |- Guid:BAC881954BCC0246DB3B5D89B91B62F4 BaseClass: NativeClass:/Script/Engine.StaticMeshActor Name:StaticMeshActor_UAID_F4CE23B15A25CE6601_1280121180 Label:Boolean2 SpatiallyLoaded:1 Bounds:IsValid=true, Min=(X=2776.233 Y=525.000 Z=178.500), Max=(X=2882.438 Y=775.000 Z=362.500) RuntimeGrid:None EditorOnly:0 RuntimeOnly:0 HLODRelevant:0
 |   |   |- Guid:C0C56B9644AE3D40CAFF6A878DB29844 BaseClass: NativeClass:/Script/Engine.StaticMeshActor Name:StaticMeshActor_UAID_A4AE111137DC5EFB00_2001720423 Label:SM_SkySphere SpatiallyLoaded:0 Bounds:IsValid=true, Min=(X=-1638400.000 Y=-1638400.000 Z=-1638400.000), Max=(X=1638400.000 Y=1638400.000 Z=1638400.000) RuntimeGrid:None EditorOnly:0 RuntimeOnly:0 HLODRelevant:1 FolderPath:Lighting FolderGuid:0BA5F0A04EADB18E70D5B180D08FA34B
 |   |   |- Guid:C22CE07C4B87D685137FDBBC10FC92C6 BaseClass: NativeClass:/Script/Engine.SkyAtmosphere Name:SkyAtmosphere_0 Label:SkyAtmosphere SpatiallyLoaded:0 Bounds:IsValid=true, Min=(X=0.000 Y=0.000 Z=1020.000), Max=(X=0.000 Y=0.000 Z=1020.000) RuntimeGrid:None EditorOnly:0 RuntimeOnly:0 HLODRelevant:0 FolderPath:Lighting FolderGuid:0BA5F0A04EADB18E70D5B180D08FA34B
 |   |   |- Guid:C22D50964D766CBBD6D2E49BA56703E6 BaseClass: NativeClass:/Script/Engine.StaticMeshActor Name:StaticMeshActor_UAID_346F2492CFD0526501_2106898248 Label:Box8 SpatiallyLoaded:1 Bounds:IsValid=true, Min=(X=2757.500 Y=217.500 Z=0.000), Max=(X=2782.500 Y=242.500 Z=175.000) RuntimeGrid:None EditorOnly:0 RuntimeOnly:0 HLODRelevant:0 Parent:72238A284F20EC5EDD6A8A9457F0A0B7
 |   |   |- Guid:C39A2F034176DECFB7A8D894874BF5FD BaseClass: NativeClass:/Script/Engine.StaticMeshActor Name:StaticMeshActor_UAID_346F2492CFD0516501_1795202086 Label:Box5 SpatiallyLoaded:1 Bounds:IsValid=true, Min=(X=2657.500 Y=417.500 Z=0.000), Max=(X=2682.500 Y=442.500 Z=175.000) RuntimeGrid:None EditorOnly:0 RuntimeOnly:0 HLODRelevant:0 Parent:72238A284F20EC5EDD6A8A9457F0A0B7
 |   |   |- Guid:C600063A401BD1098806C18BB4DEAFAD BaseClass: NativeClass:/Script/Engine.StaticMeshActor Name:StaticMeshActor_UAID_F4CE23B15A25CE6601_1678345195 Label:SM_Lamp_Ceiling2 SpatiallyLoaded:1 Bounds:IsValid=true, Min=(X=2276.000 Y=566.000 Z=732.925), Max=(X=2364.000 Y=654.000 Z=999.987) RuntimeGrid:None EditorOnly:0 RuntimeOnly:0 HLODRelevant:1
 |   |   |- Guid:C84199F34FA4E75D3FC13BA4884FD091 BaseClass: NativeClass:/Script/Engine.StaticMeshActor Name:StaticMeshActor_UAID_F4CE23B15A25CE6601_1282482181 Label:Boolean4 SpatiallyLoaded:1 Bounds:IsValid=true, Min=(X=2776.233 Y=235.000 Z=178.500), Max=(X=2882.438 Y=485.000 Z=362.500) RuntimeGrid:None EditorOnly:0 RuntimeOnly:0 HLODRelevant:0
 |   |   |- Guid:CE8D82634660FCDB3120E2B8D547C533 BaseClass: NativeClass:/Script/Engine.PostProcessVolume Name:PostProcessVolume_0 Label:PostProcessVolume SpatiallyLoaded:0 Bounds:IsValid=true, Min=(X=0.000 Y=0.000 Z=400.000), Max=(X=200.000 Y=200.000 Z=600.000) RuntimeGrid:None EditorOnly:0 RuntimeOnly:0 HLODRelevant:0 FolderPath:Lighting FolderGuid:0BA5F0A04EADB18E70D5B180D08FA34B
 |   |   |- Guid:D25524AE43899EDECD3E9CB21F36E3CB BaseClass: NativeClass:/Script/Engine.StaticMeshActor Name:StaticMeshActor_UAID_346F2492CFD0526501_2114521249 Label:Box9 SpatiallyLoaded:1 Bounds:IsValid=true, Min=(X=2367.500 Y=177.500 Z=0.000), Max=(X=2392.500 Y=202.500 Z=175.000) RuntimeGrid:None EditorOnly:0 RuntimeOnly:0 HLODRelevant:0 Parent:72238A284F20EC5EDD6A8A9457F0A0B7
 |   |   |- Guid:DB13AAD44E44044545C1E88886FE8334 BaseClass: NativeClass:/Script/Engine.StaticMeshActor Name:StaticMeshActor_UAID_F4CE23B15A25CD6601_1859744982 Label:Box22 SpatiallyLoaded:1 Bounds:IsValid=true, Min=(X=2876.500 Y=307.500 Z=538.875), Max=(X=2890.000 Y=832.500 Z=801.125) RuntimeGrid:None EditorOnly:0 RuntimeOnly:0 HLODRelevant:0
 |   |   |- Guid:E5320C1B4FD9764CE7B54D8487AEC613 BaseClass: NativeClass:/Script/Engine.SkyLight Name:SkyLight_0 Label:SkyLight SpatiallyLoaded:0 Bounds:IsValid=true, Min=(X=0.000 Y=0.000 Z=690.000), Max=(X=0.000 Y=0.000 Z=690.000) RuntimeGrid:None EditorOnly:0 RuntimeOnly:0 HLODRelevant:0 FolderPath:Lighting FolderGuid:0BA5F0A04EADB18E70D5B180D08FA34B
 |   |   |- Guid:E8B306884A66ED79DA9775A016ED0DBF BaseClass: NativeClass:/Script/Engine.StaticMeshActor Name:StaticMeshActor_UAID_F4CE23B15A25CE6601_1802262199 Label:Boolean SpatiallyLoaded:1 Bounds:IsValid=true, Min=(X=1455.000 Y=489.375 Z=0.000), Max=(X=1705.000 Y=1370.625 Z=635.000) RuntimeGrid:None EditorOnly:0 RuntimeOnly:0 HLODRelevant:0
 |   |   |- Guid:F07F1AF64C7C7C238EE1B4BF8C122DD8 BaseClass: NativeClass:/Script/Engine.StaticMeshActor Name:StaticMeshActor_4 Label:SM_Cube3 SpatiallyLoaded:1 Bounds:IsValid=true, Min=(X=0.000 Y=3400.000 Z=0.000), Max=(X=3000.000 Y=3500.000 Z=1000.000) RuntimeGrid:None EditorOnly:0 RuntimeOnly:0 HLODRelevant:1 FolderPath:Playground FolderGuid:6C02BB504B69D1F3D7A624B130C18E5B
 |   |   |- Guid:F80621C9446867154938FE81375207DA BaseClass: NativeClass:/Script/Engine.DirectionalLight Name:DirectionalLight_1 Label:DirectionalLight SpatiallyLoaded:0 Bounds:IsValid=true, Min=(X=-1048576.000 Y=-1048576.000 Z=-1048576.000), Max=(X=1048576.000 Y=1048576.000 Z=1048576.000) RuntimeGrid:None EditorOnly:0 RuntimeOnly:0 HLODRelevant:0 FolderPath:Lighting FolderGuid:0BA5F0A04EADB18E70D5B180D08FA34B
 |   |- [+] Clusters:
 |   |   |- [+] [  0]
 |   |   |   |- Guid:61391D344900612A77DFC3BA3E354907 BaseClass: NativeClass:/Script/Engine.ExponentialHeightFog Name:ExponentialHeightFog_0 Label:ExponentialHeightFog SpatiallyLoaded:0 Bounds:IsValid=true, Min=(X=-5600.000 Y=-50.000 Z=-6850.000), Max=(X=-5600.000 Y=-50.000 Z=-6850.000) RuntimeGrid:None EditorOnly:0 RuntimeOnly:0 HLODRelevant:0 FolderPath:Lighting FolderGuid:0BA5F0A04EADB18E70D5B180D08FA34B
 |   |   |- [+] [  1]
 |   |   |   |- Guid:5FE7584649BB6F09265329A6C57CFD0D BaseClass: NativeClass:/Script/Engine.VolumetricCloud Name:VolumetricCloud_0 Label:VolumetricCloud SpatiallyLoaded:0 Bounds:IsValid=true, Min=(X=0.000 Y=0.000 Z=820.000), Max=(X=0.000 Y=0.000 Z=820.000) RuntimeGrid:None EditorOnly:0 RuntimeOnly:0 HLODRelevant:0 FolderPath:Lighting FolderGuid:0BA5F0A04EADB18E70D5B180D08FA34B
 |   |   |- [+] [  2]
 |   |   |   |- Guid:F80621C9446867154938FE81375207DA BaseClass: NativeClass:/Script/Engine.DirectionalLight Name:DirectionalLight_1 Label:DirectionalLight SpatiallyLoaded:0 Bounds:IsValid=true, Min=(X=-1048576.000 Y=-1048576.000 Z=-1048576.000), Max=(X=1048576.000 Y=1048576.000 Z=1048576.000) RuntimeGrid:None EditorOnly:0 RuntimeOnly:0 HLODRelevant:0 FolderPath:Lighting FolderGuid:0BA5F0A04EADB18E70D5B180D08FA34B
 |   |   |- [+] [  3]
 |   |   |   |- Guid:E5320C1B4FD9764CE7B54D8487AEC613 BaseClass: NativeClass:/Script/Engine.SkyLight Name:SkyLight_0 Label:SkyLight SpatiallyLoaded:0 Bounds:IsValid=true, Min=(X=0.000 Y=0.000 Z=690.000), Max=(X=0.000 Y=0.000 Z=690.000) RuntimeGrid:None EditorOnly:0 RuntimeOnly:0 HLODRelevant:0 FolderPath:Lighting FolderGuid:0BA5F0A04EADB18E70D5B180D08FA34B
 |   |   |- [+] [  4]
 |   |   |   |- Guid:21262252453B37957EF29F82ABA2413B BaseClass: NativeClass:/Script/Engine.TextRenderActor Name:TextRenderActor_1 Label:TextRenderActor SpatiallyLoaded:1 Bounds:IsValid=true, Min=(X=-0.100 Y=1100.000 Z=65.013), Max=(X=-0.100 Y=2363.461 Z=215.013) RuntimeGrid:None EditorOnly:0 RuntimeOnly:0 HLODRelevant:0
 |   |   |- [+] [  5]
 |   |   |   |- Guid:687D5F9B4E6D33B22BBFBD83AAA0D648 BaseClass: NativeClass:/Script/Engine.StaticMeshActor Name:StaticMeshActor_UAID_346F2492CFD0526501_2005951247 Label:Box7 SpatiallyLoaded:1 Bounds:IsValid=true, Min=(X=2325.000 Y=147.500 Z=153.779), Max=(X=2875.000 Y=372.500 Z=178.779) RuntimeGrid:None EditorOnly:0 RuntimeOnly:0 HLODRelevant:0 Parent:A36289E64B6827B2965093BC054CDC92
 |   |   |   |- Guid:A36289E64B6827B2965093BC054CDC92 BaseClass: NativeClass:/Script/Engine.StaticMeshActor Name:StaticMeshActor_UAID_346F2492CFD0516501_1607753083 Label:Desk SpatiallyLoaded:1 Bounds:IsValid=true, Min=(X=2647.500 Y=365.000 Z=153.779), Max=(X=2872.500 Y=915.000 Z=178.779) RuntimeGrid:None EditorOnly:0 RuntimeOnly:0 HLODRelevant:0
 |   |   |- [+] [  6]
 |   |   |   |- Guid:2BB4629A44095001F398EE9D5D1B5673 BaseClass: NativeClass:/Script/Engine.PointLight Name:PointLight_UAID_346F2492CFD0546501_1251555606 Label:PointLight SpatiallyLoaded:1 Bounds:IsValid=true, Min=(X=910.000 Y=-570.000 Z=-640.000), Max=(X=2910.000 Y=1430.000 Z=1360.000) RuntimeGrid:None EditorOnly:0 RuntimeOnly:0 HLODRelevant:0
 |   |   |- [+] [  7]
 |   |   |   |- Guid:90B7B8D3420C2EABA931D3A6A69DF696 BaseClass: NativeClass:/Script/Engine.StaticMeshActor Name:StaticMeshActor_3 Label:SM_Cube2 SpatiallyLoaded:1 Bounds:IsValid=true, Min=(X=0.000 Y=0.000 Z=0.000), Max=(X=3000.000 Y=100.000 Z=1000.000) RuntimeGrid:None EditorOnly:0 RuntimeOnly:0 HLODRelevant:1 FolderPath:Playground FolderGuid:6C02BB504B69D1F3D7A624B130C18E5B
 |   |   |- [+] [  8]
 |   |   |   |- Guid:02F7177D4AD6A83189F8469DD112BAE6 BaseClass: NativeClass:/Script/Engine.StaticMeshActor Name:StaticMeshActor_UAID_346F2492CFD0506501_1548132897 Label:book case SpatiallyLoaded:1 Bounds:IsValid=true, Min=(X=2755.000 Y=1440.000 Z=10.000), Max=(X=2905.000 Y=1740.000 Z=610.000) RuntimeGrid:None EditorOnly:0 RuntimeOnly:0 HLODRelevant:0
 |   |   |- [+] [  9]
 |   |   |   |- Guid:F07F1AF64C7C7C238EE1B4BF8C122DD8 BaseClass: NativeClass:/Script/Engine.StaticMeshActor Name:StaticMeshActor_4 Label:SM_Cube3 SpatiallyLoaded:1 Bounds:IsValid=true, Min=(X=0.000 Y=3400.000 Z=0.000), Max=(X=3000.000 Y=3500.000 Z=1000.000) RuntimeGrid:None EditorOnly:0 RuntimeOnly:0 HLODRelevant:1 FolderPath:Playground FolderGuid:6C02BB504B69D1F3D7A624B130C18E5B
 |   |   |- [+] [ 10]
 |   |   |   |- Guid:78CAF7514C7533F30BD2F19A017AAB65 BaseClass: NativeClass:/Script/Engine.StaticMeshActor Name:StaticMeshActor_0 Label:SM_Cube SpatiallyLoaded:1 Bounds:IsValid=true, Min=(X=0.000 Y=0.000 Z=-50.000), Max=(X=3000.000 Y=3500.000 Z=0.000) RuntimeGrid:None EditorOnly:0 RuntimeOnly:0 HLODRelevant:1 FolderPath:Playground FolderGuid:6C02BB504B69D1F3D7A624B130C18E5B
 |   |   |- [+] [ 11]
 |   |   |   |- Guid:0EDB289B45CB7E0977A6DBA74201EE76 BaseClass: NativeClass:/Script/Engine.StaticMeshActor Name:StaticMeshActor_10 Label:SM_Cube6 SpatiallyLoaded:1 Bounds:IsValid=true, Min=(X=2900.000 Y=100.000 Z=0.000), Max=(X=3000.000 Y=3400.000 Z=1000.000) RuntimeGrid:None EditorOnly:0 RuntimeOnly:0 HLODRelevant:1 FolderPath:Playground FolderGuid:6C02BB504B69D1F3D7A624B130C18E5B
 |   |   |- [+] [ 12]
 |   |   |   |- Guid:A354B1B24E617A525DC6B48CCDE2417E BaseClass: NativeClass:/Script/Engine.PlayerStart Name:PlayerStart_0 Label:PlayerStart SpatiallyLoaded:0 Bounds:IsValid=true, Min=(X=1800.000 Y=550.000 Z=0.013), Max=(X=1880.000 Y=630.000 Z=184.013) RuntimeGrid:None EditorOnly:0 RuntimeOnly:0 HLODRelevant:0
 |   |   |- [+] [ 13]
 |   |   |   |- Guid:120CF0294753295DDB8CA38D06D5510D BaseClass: NativeClass:/Script/Engine.StaticMeshActor Name:StaticMeshActor_UAID_346F2492CFD0516501_1791300085 Label:Box4 SpatiallyLoaded:1 Bounds:IsValid=true, Min=(X=2837.500 Y=827.500 Z=0.000), Max=(X=2862.500 Y=852.500 Z=175.000) RuntimeGrid:None EditorOnly:0 RuntimeOnly:0 HLODRelevant:0 Parent:72238A284F20EC5EDD6A8A9457F0A0B7
 |   |   |   |- Guid:D25524AE43899EDECD3E9CB21F36E3CB BaseClass: NativeClass:/Script/Engine.StaticMeshActor Name:StaticMeshActor_UAID_346F2492CFD0526501_2114521249 Label:Box9 SpatiallyLoaded:1 Bounds:IsValid=true, Min=(X=2367.500 Y=177.500 Z=0.000), Max=(X=2392.500 Y=202.500 Z=175.000) RuntimeGrid:None EditorOnly:0 RuntimeOnly:0 HLODRelevant:0 Parent:72238A284F20EC5EDD6A8A9457F0A0B7
 |   |   |   |- Guid:C39A2F034176DECFB7A8D894874BF5FD BaseClass: NativeClass:/Script/Engine.StaticMeshActor Name:StaticMeshActor_UAID_346F2492CFD0516501_1795202086 Label:Box5 SpatiallyLoaded:1 Bounds:IsValid=true, Min=(X=2657.500 Y=417.500 Z=0.000), Max=(X=2682.500 Y=442.500 Z=175.000) RuntimeGrid:None EditorOnly:0 RuntimeOnly:0 HLODRelevant:0 Parent:72238A284F20EC5EDD6A8A9457F0A0B7
 |   |   |   |- Guid:7F1BD90D4150E45879BC37A9C38CA481 BaseClass: NativeClass:/Script/Engine.StaticMeshActor Name:StaticMeshActor_UAID_346F2492CFD0516501_1798053087 Label:Box6 SpatiallyLoaded:1 Bounds:IsValid=true, Min=(X=2667.500 Y=847.500 Z=0.000), Max=(X=2692.500 Y=872.500 Z=175.000) RuntimeGrid:None EditorOnly:0 RuntimeOnly:0 HLODRelevant:0 Parent:72238A284F20EC5EDD6A8A9457F0A0B7
 |   |   |   |- Guid:2CD2AF894038C955F53CA3A65609D402 BaseClass: NativeClass:/Script/Engine.StaticMeshActor Name:StaticMeshActor_UAID_346F2492CFD0526501_2126744250 Label:Box10 SpatiallyLoaded:1 Bounds:IsValid=true, Min=(X=2657.500 Y=307.500 Z=0.000), Max=(X=2682.500 Y=332.500 Z=175.000) RuntimeGrid:None EditorOnly:0 RuntimeOnly:0 HLODRelevant:0 Parent:72238A284F20EC5EDD6A8A9457F0A0B7
 |   |   |   |- Guid:C22D50964D766CBBD6D2E49BA56703E6 BaseClass: NativeClass:/Script/Engine.StaticMeshActor Name:StaticMeshActor_UAID_346F2492CFD0526501_2106898248 Label:Box8 SpatiallyLoaded:1 Bounds:IsValid=true, Min=(X=2757.500 Y=217.500 Z=0.000), Max=(X=2782.500 Y=242.500 Z=175.000) RuntimeGrid:None EditorOnly:0 RuntimeOnly:0 HLODRelevant:0 Parent:72238A284F20EC5EDD6A8A9457F0A0B7
 |   |   |   |- Guid:6001ED2B473078199BFEE2BFA8E5A462 BaseClass: NativeClass:/Script/Engine.StaticMeshActor Name:StaticMeshActor_UAID_346F2492CFD0526501_2136472251 Label:Box11 SpatiallyLoaded:1 Bounds:IsValid=true, Min=(X=2367.500 Y=287.500 Z=0.000), Max=(X=2392.500 Y=312.500 Z=175.000) RuntimeGrid:None EditorOnly:0 RuntimeOnly:0 HLODRelevant:0 Parent:72238A284F20EC5EDD6A8A9457F0A0B7
 |   |   |   |- Guid:72238A284F20EC5EDD6A8A9457F0A0B7 BaseClass: NativeClass:/Script/Engine.StaticMeshActor Name:StaticMeshActor_UAID_346F2492CFD0516501_1694288084 Label:Desk Legs SpatiallyLoaded:1 Bounds:IsValid=true, Min=(X=2837.500 Y=417.500 Z=0.000), Max=(X=2862.500 Y=442.500 Z=175.000) RuntimeGrid:None EditorOnly:0 RuntimeOnly:0 HLODRelevant:0
 |   |   |- [+] [ 14]
 |   |   |   |- Guid:A27FDF984F910EC599827B92B2DA126F BaseClass: NativeClass:/Script/Engine.StaticMeshActor Name:StaticMeshActor_UAID_346F2492CFD04F6501_1143387719 Label:SM_Cube7 SpatiallyLoaded:1 Bounds:IsValid=true, Min=(X=1360.000 Y=100.000 Z=0.000), Max=(X=1460.000 Y=1900.000 Z=1000.000) RuntimeGrid:None EditorOnly:0 RuntimeOnly:0 HLODRelevant:1 FolderPath:Playground FolderGuid:6C02BB504B69D1F3D7A624B130C18E5B
 |   |   |- [+] [ 15]
 |   |   |   |- Guid:C22CE07C4B87D685137FDBBC10FC92C6 BaseClass: NativeClass:/Script/Engine.SkyAtmosphere Name:SkyAtmosphere_0 Label:SkyAtmosphere SpatiallyLoaded:0 Bounds:IsValid=true, Min=(X=0.000 Y=0.000 Z=1020.000), Max=(X=0.000 Y=0.000 Z=1020.000) RuntimeGrid:None EditorOnly:0 RuntimeOnly:0 HLODRelevant:0 FolderPath:Lighting FolderGuid:0BA5F0A04EADB18E70D5B180D08FA34B
 |   |   |- [+] [ 16]
 |   |   |   |- Guid:C0C56B9644AE3D40CAFF6A878DB29844 BaseClass: NativeClass:/Script/Engine.StaticMeshActor Name:StaticMeshActor_UAID_A4AE111137DC5EFB00_2001720423 Label:SM_SkySphere SpatiallyLoaded:0 Bounds:IsValid=true, Min=(X=-1638400.000 Y=-1638400.000 Z=-1638400.000), Max=(X=1638400.000 Y=1638400.000 Z=1638400.000) RuntimeGrid:None EditorOnly:0 RuntimeOnly:0 HLODRelevant:1 FolderPath:Lighting FolderGuid:0BA5F0A04EADB18E70D5B180D08FA34B
 |   |   |- [+] [ 17]
 |   |   |   |- Guid:6FEFB3BD4EB37B849EF0D4AC80F83855 BaseClass: NativeClass:/Script/Engine.WorldDataLayers Name:WorldDataLayers Label:WorldDataLayers SpatiallyLoaded:0 Bounds:IsValid=true, Min=(X=0.000 Y=0.000 Z=0.000), Max=(X=0.000 Y=0.000 Z=0.000) RuntimeGrid:None EditorOnly:0 RuntimeOnly:0 HLODRelevant:0
 |   |   |- [+] [ 18]
 |   |   |   |- Guid:CE8D82634660FCDB3120E2B8D547C533 BaseClass: NativeClass:/Script/Engine.PostProcessVolume Name:PostProcessVolume_0 Label:PostProcessVolume SpatiallyLoaded:0 Bounds:IsValid=true, Min=(X=0.000 Y=0.000 Z=400.000), Max=(X=200.000 Y=200.000 Z=600.000) RuntimeGrid:None EditorOnly:0 RuntimeOnly:0 HLODRelevant:0 FolderPath:Lighting FolderGuid:0BA5F0A04EADB18E70D5B180D08FA34B
 |   |   |- [+] [ 19]
 |   |   |   |- Guid:8559D1384B14F466E8927697A36C1D78 BaseClass: NativeClass:/Script/Engine.StaticMeshActor Name:StaticMeshActor_9 Label:SM_Cube5 SpatiallyLoaded:1 Bounds:IsValid=true, Min=(X=-0.000 Y=100.000 Z=0.000), Max=(X=100.000 Y=3400.000 Z=1000.000) RuntimeGrid:None EditorOnly:0 RuntimeOnly:0 HLODRelevant:1 FolderPath:Playground FolderGuid:6C02BB504B69D1F3D7A624B130C18E5B
 |   |   |- [+] [ 20]
 |   |   |   |- Guid:AFEDBE0944AEB9206EB3BD99F78EA648 BaseClass: NativeClass:/Script/Engine.StaticMeshActor Name:StaticMeshActor_UAID_F4CE23B15A25CC6601_1969088783 Label:Box15 SpatiallyLoaded:1 Bounds:IsValid=true, Min=(X=2432.500 Y=70.000 Z=417.500), Max=(X=2907.500 Y=170.000 Z=442.500) RuntimeGrid:None EditorOnly:0 RuntimeOnly:0 HLODRelevant:0
 |   |   |- [+] [ 21]
 |   |   |   |- Guid:2ACF2315436AD313B94FD4B5B44BB6A0 BaseClass: NativeClass:/Script/Engine.StaticMeshActor Name:StaticMeshActor_UAID_F4CE23B15A25CC6601_1984324784 Label:Box16 SpatiallyLoaded:1 Bounds:IsValid=true, Min=(X=2432.500 Y=80.000 Z=587.500), Max=(X=2907.500 Y=180.000 Z=612.500) RuntimeGrid:None EditorOnly:0 RuntimeOnly:0 HLODRelevant:0
 |   |   |- [+] [ 22]
 |   |   |   |- Guid:B2ACD97A41DDC87C5F42E88CDF25F289 BaseClass: NativeClass:/Script/Engine.StaticMeshActor Name:StaticMeshActor_UAID_F4CE23B15A25CD6601_1817023981 Label:Box21 SpatiallyLoaded:1 Bounds:IsValid=true, Min=(X=2866.500 Y=1025.000 Z=418.875), Max=(X=2880.000 Y=1275.000 Z=681.125) RuntimeGrid:None EditorOnly:0 RuntimeOnly:0 HLODRelevant:0
 |   |   |- [+] [ 23]
 |   |   |   |- Guid:DB13AAD44E44044545C1E88886FE8334 BaseClass: NativeClass:/Script/Engine.StaticMeshActor Name:StaticMeshActor_UAID_F4CE23B15A25CD6601_1859744982 Label:Box22 SpatiallyLoaded:1 Bounds:IsValid=true, Min=(X=2876.500 Y=307.500 Z=538.875), Max=(X=2890.000 Y=832.500 Z=801.125) RuntimeGrid:None EditorOnly:0 RuntimeOnly:0 HLODRelevant:0
 |   |   |- [+] [ 24]
 |   |   |   |- Guid:BAC881954BCC0246DB3B5D89B91B62F4 BaseClass: NativeClass:/Script/Engine.StaticMeshActor Name:StaticMeshActor_UAID_F4CE23B15A25CE6601_1280121180 Label:Boolean2 SpatiallyLoaded:1 Bounds:IsValid=true, Min=(X=2776.233 Y=525.000 Z=178.500), Max=(X=2882.438 Y=775.000 Z=362.500) RuntimeGrid:None EditorOnly:0 RuntimeOnly:0 HLODRelevant:0
 |   |   |- [+] [ 25]
 |   |   |   |- Guid:C84199F34FA4E75D3FC13BA4884FD091 BaseClass: NativeClass:/Script/Engine.StaticMeshActor Name:StaticMeshActor_UAID_F4CE23B15A25CE6601_1282482181 Label:Boolean4 SpatiallyLoaded:1 Bounds:IsValid=true, Min=(X=2776.233 Y=235.000 Z=178.500), Max=(X=2882.438 Y=485.000 Z=362.500) RuntimeGrid:None EditorOnly:0 RuntimeOnly:0 HLODRelevant:0
 |   |   |- [+] [ 26]
 |   |   |   |- Guid:A0E11A8747EA2BA2C1CB40B4BE70F6FE BaseClass: NativeClass:/Script/Engine.StaticMeshActor Name:StaticMeshActor_UAID_F4CE23B15A25CE6601_1379233188 Label:Boolean5 SpatiallyLoaded:1 Bounds:IsValid=true, Min=(X=1995.000 Y=72.500 Z=0.000), Max=(X=2146.000 Y=250.000 Z=475.000) RuntimeGrid:None EditorOnly:0 RuntimeOnly:0 HLODRelevant:0
 |   |   |- [+] [ 27]
 |   |   |   |- Guid:9E64A43043B27024C01880A965CCE3E1 BaseClass: NativeClass:/Script/Engine.StaticMeshActor Name:StaticMeshActor_UAID_F4CE23B15A25CE6601_1382555189 Label:Boolean6 SpatiallyLoaded:1 Bounds:IsValid=true, Min=(X=1845.000 Y=72.500 Z=0.000), Max=(X=1996.000 Y=250.000 Z=475.000) RuntimeGrid:None EditorOnly:0 RuntimeOnly:0 HLODRelevant:0
 |   |   |- [+] [ 28]
 |   |   |   |- Guid:966912C14E281CE95C9696834D8768DF BaseClass: NativeClass:/Script/Engine.StaticMeshActor Name:StaticMeshActor_UAID_F4CE23B15A25CE6601_1523729190 Label:SM_Chair SpatiallyLoaded:1 Bounds:IsValid=true, Min=(X=2455.140 Y=528.873 Z=0.000), Max=(X=2660.530 Y=731.127 Z=288.377) RuntimeGrid:None EditorOnly:0 RuntimeOnly:0 HLODRelevant:1
 |   |   |- [+] [ 29]
 |   |   |   |- Guid:952F2FCB4EA6CA6058D01BAC11AD21E3 BaseClass: NativeClass:/Script/Engine.StaticMeshActor Name:StaticMeshActor_UAID_F4CE23B15A25CE6601_1562113191 Label:SM_Lamp_Wall SpatiallyLoaded:1 Bounds:IsValid=true, Min=(X=2853.382 Y=903.382 Z=679.903), Max=(X=2890.131 Y=976.618 Z=738.741) RuntimeGrid:None EditorOnly:0 RuntimeOnly:0 HLODRelevant:1
 |   |   |- [+] [ 30]
 |   |   |   |- Guid:87C144884C2992BBB0908D83A0362D71 BaseClass: NativeClass:/Script/Engine.StaticMeshActor Name:StaticMeshActor_UAID_F4CE23B15A25CE6601_1632201193 Label:SM_Statue SpatiallyLoaded:1 Bounds:IsValid=true, Min=(X=2360.670 Y=200.670 Z=180.000), Max=(X=2399.330 Y=239.330 Z=266.633) RuntimeGrid:None EditorOnly:0 RuntimeOnly:0 HLODRelevant:1
 |   |   |- [+] [ 31]
 |   |   |   |- Guid:97D505FA4C119A262FBF18948B6C900A BaseClass: NativeClass:/Script/Engine.StaticMeshActor Name:StaticMeshActor_UAID_F4CE23B15A25CE6601_1645749194 Label:SM_Lamp_Ceiling SpatiallyLoaded:1 Bounds:IsValid=true, Min=(X=2276.000 Y=1376.000 Z=732.925), Max=(X=2364.000 Y=1464.000 Z=999.987) RuntimeGrid:None EditorOnly:0 RuntimeOnly:0 HLODRelevant:1
 |   |   |- [+] [ 32]
 |   |   |   |- Guid:C600063A401BD1098806C18BB4DEAFAD BaseClass: NativeClass:/Script/Engine.StaticMeshActor Name:StaticMeshActor_UAID_F4CE23B15A25CE6601_1678345195 Label:SM_Lamp_Ceiling2 SpatiallyLoaded:1 Bounds:IsValid=true, Min=(X=2276.000 Y=566.000 Z=732.925), Max=(X=2364.000 Y=654.000 Z=999.987) RuntimeGrid:None EditorOnly:0 RuntimeOnly:0 HLODRelevant:1
 |   |   |- [+] [ 33]
 |   |   |   |- Guid:43AEA9A24E67772B275C86A1C65F7D8F BaseClass: NativeClass:/Script/Engine.StaticMeshActor Name:StaticMeshActor_UAID_F4CE23B15A25CE6601_1680770196 Label:SM_Lamp_Ceiling3 SpatiallyLoaded:1 Bounds:IsValid=true, Min=(X=2276.000 Y=976.000 Z=732.925), Max=(X=2364.000 Y=1064.000 Z=999.987) RuntimeGrid:None EditorOnly:0 RuntimeOnly:0 HLODRelevant:1
 |   |   |- [+] [ 34]
 |   |   |   |- Guid:B4D052BE43CC41F5340EADBA9D9FE14C BaseClass: NativeClass:/Script/Engine.StaticMeshActor Name:StaticMeshActor_UAID_F4CE23B15A25CE6601_1746737198 Label:SM_Cube8 SpatiallyLoaded:1 Bounds:IsValid=true, Min=(X=1460.000 Y=1800.000 Z=0.000), Max=(X=2910.000 Y=1900.000 Z=1000.000) RuntimeGrid:None EditorOnly:0 RuntimeOnly:0 HLODRelevant:1 FolderPath:Playground FolderGuid:6C02BB504B69D1F3D7A624B130C18E5B
 |   |   |- [+] [ 35]
 |   |   |   |- Guid:E8B306884A66ED79DA9775A016ED0DBF BaseClass: NativeClass:/Script/Engine.StaticMeshActor Name:StaticMeshActor_UAID_F4CE23B15A25CE6601_1802262199 Label:Boolean SpatiallyLoaded:1 Bounds:IsValid=true, Min=(X=1455.000 Y=489.375 Z=0.000), Max=(X=1705.000 Y=1370.625 Z=635.000) RuntimeGrid:None EditorOnly:0 RuntimeOnly:0 HLODRelevant:0
 |- ContainerInstances:
 |- [+] MainContainer:
 |   |-        ID: 0x0000000000000000
 |   |-    Bounds: IsValid=false, Min=(X=0.000 Y=0.000 Z=0.000), Max=(X=0.000 Y=0.000 Z=0.000)
 |   |- Transform: 0.000000,0.000000,0.000000|0.000000,0.000000,-0.000000|1.000000,1.000000,1.000000
 |   |- Container: /Game/FirstPerson/Maps/FirstPersonMap
----------------------------------------------------------------------------------------------------------------
FirstPersonMap - Persistent Level
----------------------------------------------------------------------------------------------------------------
Always loaded Actor Count: 65 

----------------------------------------------------------------------------------------------------------------
FirstPersonMap - Runtime Spatial Hash - Streaming Grid - MainGrid
----------------------------------------------------------------------------------------------------------------
            Origin: X=0.000 Y=0.000 Z=0.000
         Cell Size: 12800
      World Bounds: IsValid=false, Min=(X=0.000 Y=0.000 Z=0.000), Max=(X=0.000 Y=0.000 Z=0.000)
     Loading Range: 25600.00
Block Slow Loading: No
 ClientOnlyVisible: No

[+] Grid Levels: 1
 |- Level  0: Cell Count    0 | Cell Size   12800 | Actor Count    0 (0.0%)

[+] Content of Grid Level 0

